# JRE version: Java(TM) SE Runtime Environment (8.0_201-b09) (build 1.8.0_201-b09)
# Java VM: Java HotSpot(TM) 64-Bit Server VM (25.201-b09 mixed mode windows-amd64 compressed oops)
Heap:
 PSYoungGen      total 329216K, used 205973K [0x000000076ae00000, 0x0000000785200000, 0x00000007c0000000)
  eden space 315392K, 65% used [0x000000076ae00000,0x00000007777256e0,0x000000077e200000)
  from space 13824K, 0% used [0x000000077f800000,0x000000077f800000,0x0000000780580000)
  to   space 22528K, 0% used [0x000000077e200000,0x000000077e200000,0x000000077f800000)
 ParOldGen       total 229888K, used 37376K [0x00000006c0a00000, 0x00000006cea80000, 0x000000076ae00000)
  object space 229888K, 16% used [0x00000006c0a00000,0x00000006c2e80048,0x00000006cea80000)
 Metaspace       used 59297K, capacity 61962K, committed 62104K, reserved 1103872K
  class space    used 8081K, capacity 8544K, committed 8600K, reserved 1048576K
GC Heap History (10 events):
Event: 2.386 GC heap before
{Heap before GC invocations=5 (full 1):
 PSYoungGen      total 141824K, used 131072K [0x000000076ae00000, 0x000000077c300000, 0x00000007c0000000)
  eden space 131072K, 100% used [0x000000076ae00000,0x0000000772e00000,0x0000000772e00000)
  from space 10752K, 0% used [0x0000000772e00000,0x0000000772e00000,0x0000000773880000)
  to   space 10752K, 0% used [0x000000077b880000,0x000000077b880000,0x000000077c300000)
 ParOldGen       total 96768K, used 6360K [0x00000006c0a00000, 0x00000006c6880000, 0x000000076ae00000)
  object space 96768K, 6% used [0x00000006c0a00000,0x00000006c1036048,0x00000006c6880000)
 Metaspace       used 28255K, capacity 29276K, committed 29616K, reserved 1075200K
  class space    used 3675K, capacity 3925K, committed 4016K, reserved 1048576K
Event: 2.395 GC heap after
Heap after GC invocations=5 (full 1):
 PSYoungGen      total 219648K, used 10617K [0x000000076ae00000, 0x000000077c300000, 0x00000007c0000000)
  eden space 208896K, 0% used [0x000000076ae00000,0x000000076ae00000,0x0000000777a00000)
  from space 10752K, 98% used [0x000000077b880000,0x000000077c2de420,0x000000077c300000)
  to   space 10752K, 0% used [0x000000077ae00000,0x000000077ae00000,0x000000077b880000)
 ParOldGen       total 96768K, used 6432K [0x00000006c0a00000, 0x00000006c6880000, 0x000000076ae00000)
  object space 96768K, 6% used [0x00000006c0a00000,0x00000006c1048058,0x00000006c6880000)
 Metaspace       used 28255K, capacity 29276K, committed 29616K, reserved 1075200K
  class space    used 3675K, capacity 3925K, committed 4016K, reserved 1048576K
}
Event: 3.268 GC heap before
{Heap before GC invocations=6 (full 1):
 PSYoungGen      total 219648K, used 103585K [0x000000076ae00000, 0x000000077c300000, 0x00000007c0000000)
  eden space 208896K, 44% used [0x000000076ae00000,0x00000007708ca1b8,0x0000000777a00000)
  from space 10752K, 98% used [0x000000077b880000,0x000000077c2de420,0x000000077c300000)
  to   space 10752K, 0% used [0x000000077ae00000,0x000000077ae00000,0x000000077b880000)
 ParOldGen       total 96768K, used 6432K [0x00000006c0a00000, 0x00000006c6880000, 0x000000076ae00000)
  object space 96768K, 6% used [0x00000006c0a00000,0x00000006c1048058,0x00000006c6880000)
 Metaspace       used 34199K, capacity 35456K, committed 35496K, reserved 1081344K
  class space    used 4384K, capacity 4645K, committed 4656K, reserved 1048576K
Event: 3.278 GC heap after
Heap after GC invocations=6 (full 1):
 PSYoungGen      total 272896K, used 10724K [0x000000076ae00000, 0x0000000780580000, 0x00000007c0000000)
  eden space 262144K, 0% used [0x000000076ae00000,0x000000076ae00000,0x000000077ae00000)
  from space 10752K, 99% used [0x000000077ae00000,0x000000077b879370,0x000000077b880000)
  to   space 13824K, 0% used [0x000000077f800000,0x000000077f800000,0x0000000780580000)
 ParOldGen       total 96768K, used 7934K [0x00000006c0a00000, 0x00000006c6880000, 0x000000076ae00000)
  object space 96768K, 8% used [0x00000006c0a00000,0x00000006c11bf8a8,0x00000006c6880000)
 Metaspace       used 34199K, capacity 35456K, committed 35496K, reserved 1081344K
  class space    used 4384K, capacity 4645K, committed 4656K, reserved 1048576K
}
Event: 3.278 GC heap before
{Heap before GC invocations=7 (full 2):
 PSYoungGen      total 272896K, used 10724K [0x000000076ae00000, 0x0000000780580000, 0x00000007c0000000)
  eden space 262144K, 0% used [0x000000076ae00000,0x000000076ae00000,0x000000077ae00000)
  from space 10752K, 99% used [0x000000077ae00000,0x000000077b879370,0x000000077b880000)
  to   space 13824K, 0% used [0x000000077f800000,0x000000077f800000,0x0000000780580000)
 ParOldGen       total 96768K, used 7934K [0x00000006c0a00000, 0x00000006c6880000, 0x000000076ae00000)
  object space 96768K, 8% used [0x00000006c0a00000,0x00000006c11bf8a8,0x00000006c6880000)
 Metaspace       used 34199K, capacity 35456K, committed 35496K, reserved 1081344K
  class space    used 4384K, capacity 4645K, committed 4656K, reserved 1048576K
Event: 3.321 GC heap after
Heap after GC invocations=7 (full 2):
 PSYoungGen      total 272896K, used 0K [0x000000076ae00000, 0x0000000780580000, 0x00000007c0000000)
  eden space 262144K, 0% used [0x000000076ae00000,0x000000076ae00000,0x000000077ae00000)
  from space 10752K, 0% used [0x000000077ae00000,0x000000077ae00000,0x000000077b880000)
  to   space 13824K, 0% used [0x000000077f800000,0x000000077f800000,0x0000000780580000)
 ParOldGen       total 153088K, used 16764K [0x00000006c0a00000, 0x00000006c9f80000, 0x000000076ae00000)
  object space 153088K, 10% used [0x00000006c0a00000,0x00000006c1a5f198,0x00000006c9f80000)
 Metaspace       used 34199K, capacity 35456K, committed 35496K, reserved 1081344K
  class space    used 4384K, capacity 4645K, committed 4656K, reserved 1048576K
}
Event: 6.399 GC heap before
{Heap before GC invocations=8 (full 2):
 PSYoungGen      total 272896K, used 252073K [0x000000076ae00000, 0x0000000780580000, 0x00000007c0000000)
  eden space 262144K, 96% used [0x000000076ae00000,0x000000077a42a438,0x000000077ae00000)
  from space 10752K, 0% used [0x000000077ae00000,0x000000077ae00000,0x000000077b880000)
  to   space 13824K, 0% used [0x000000077f800000,0x000000077f800000,0x0000000780580000)
 ParOldGen       total 153088K, used 16764K [0x00000006c0a00000, 0x00000006c9f80000, 0x000000076ae00000)
  object space 153088K, 10% used [0x00000006c0a00000,0x00000006c1a5f198,0x00000006c9f80000)
 Metaspace       used 56676K, capacity 59032K, committed 59160K, reserved 1099776K
  class space    used 7683K, capacity 8117K, committed 8216K, reserved 1048576K
Event: 6.429 GC heap after
Heap after GC invocations=8 (full 2):
 PSYoungGen      total 329216K, used 13810K [0x000000076ae00000, 0x0000000785200000, 0x00000007c0000000)
  eden space 315392K, 0% used [0x000000076ae00000,0x000000076ae00000,0x000000077e200000)
  from space 13824K, 99% used [0x000000077f800000,0x000000078057c900,0x0000000780580000)
  to   space 22528K, 0% used [0x000000077e200000,0x000000077e200000,0x000000077f800000)
 ParOldGen       total 153088K, used 29189K [0x00000006c0a00000, 0x00000006c9f80000, 0x000000076ae00000)
  object space 153088K, 19% used [0x00000006c0a00000,0x00000006c2681448,0x00000006c9f80000)
 Metaspace       used 56676K, capacity 59032K, committed 59160K, reserved 1099776K
  class space    used 7683K, capacity 8117K, committed 8216K, reserved 1048576K
}
Event: 6.429 GC heap before
{Heap before GC invocations=9 (full 3):
 PSYoungGen      total 329216K, used 13810K [0x000000076ae00000, 0x0000000785200000, 0x00000007c0000000)
  eden space 315392K, 0% used [0x000000076ae00000,0x000000076ae00000,0x000000077e200000)
  from space 13824K, 99% used [0x000000077f800000,0x000000078057c900,0x0000000780580000)
  to   space 22528K, 0% used [0x000000077e200000,0x000000077e200000,0x000000077f800000)
 ParOldGen       total 153088K, used 29189K [0x00000006c0a00000, 0x00000006c9f80000, 0x000000076ae00000)
  object space 153088K, 19% used [0x00000006c0a00000,0x00000006c2681448,0x00000006c9f80000)
 Metaspace       used 56676K, capacity 59032K, committed 59160K, reserved 1099776K
  class space    used 7683K, capacity 8117K, committed 8216K, reserved 1048576K
Event: 6.569 GC heap after
Heap after GC invocations=9 (full 3):
 PSYoungGen      total 329216K, used 0K [0x000000076ae00000, 0x0000000785200000, 0x00000007c0000000)
  eden space 315392K, 0% used [0x000000076ae00000,0x000000076ae00000,0x000000077e200000)
  from space 13824K, 0% used [0x000000077f800000,0x000000077f800000,0x0000000780580000)
  to   space 22528K, 0% used [0x000000077e200000,0x000000077e200000,0x000000077f800000)
 ParOldGen       total 229888K, used 37376K [0x00000006c0a00000, 0x00000006cea80000, 0x000000076ae00000)
  object space 229888K, 16% used [0x00000006c0a00000,0x00000006c2e80048,0x00000006cea80000)
 Metaspace       used 56676K, capacity 59032K, committed 59160K, reserved 1099776K
  class space    used 7683K, capacity 8117K, committed 8216K, reserved 1048576K
}

