# JRE version: Java(TM) SE Runtime Environment (8.0_201-b09) (build 1.8.0_201-b09)
# Java VM: Java HotSpot(TM) 64-Bit Server VM (25.201-b09 mixed mode windows-amd64 compressed oops)
Heap:
 PSYoungGen      total 76288K, used 39502K [0x000000076ae00000, 0x0000000771e80000, 0x00000007c0000000)
  eden space 65536K, 50% used [0x000000076ae00000,0x000000076ce52990,0x000000076ee00000)
  from space 10752K, 59% used [0x000000076f880000,0x000000076fec1158,0x0000000770300000)
  to   space 10752K, 0% used [0x000000076ee00000,0x000000076ee00000,0x000000076f880000)
 ParOldGen       total 107008K, used 6152K [0x00000006c0a00000, 0x00000006c7280000, 0x000000076ae00000)
  object space 107008K, 5% used [0x00000006c0a00000,0x00000006c1002348,0x00000006c7280000)
 Metaspace       used 26174K, capacity 26946K, committed 27184K, reserved 1073152K
  class space    used 3372K, capacity 3566K, committed 3632K, reserved 1048576K
GC Heap History (10 events):
Event: 1.354 GC heap before
{Heap before GC invocations=1 (full 0):
 PSYoungGen      total 76288K, used 65536K [0x000000076ae00000, 0x0000000770300000, 0x00000007c0000000)
  eden space 65536K, 100% used [0x000000076ae00000,0x000000076ee00000,0x000000076ee00000)
  from space 10752K, 0% used [0x000000076f880000,0x000000076f880000,0x0000000770300000)
  to   space 10752K, 0% used [0x000000076ee00000,0x000000076ee00000,0x000000076f880000)
 ParOldGen       total 175104K, used 0K [0x00000006c0a00000, 0x00000006cb500000, 0x000000076ae00000)
  object space 175104K, 0% used [0x00000006c0a00000,0x00000006c0a00000,0x00000006cb500000)
 Metaspace       used 13147K, capacity 13474K, committed 13824K, reserved 1060864K
  class space    used 1602K, capacity 1715K, committed 1792K, reserved 1048576K
Event: 1.363 GC heap after
Heap after GC invocations=1 (full 0):
 PSYoungGen      total 76288K, used 7750K [0x000000076ae00000, 0x0000000770300000, 0x00000007c0000000)
  eden space 65536K, 0% used [0x000000076ae00000,0x000000076ae00000,0x000000076ee00000)
  from space 10752K, 72% used [0x000000076ee00000,0x000000076f591930,0x000000076f880000)
  to   space 10752K, 0% used [0x000000076f880000,0x000000076f880000,0x0000000770300000)
 ParOldGen       total 175104K, used 16K [0x00000006c0a00000, 0x00000006cb500000, 0x000000076ae00000)
  object space 175104K, 0% used [0x00000006c0a00000,0x00000006c0a04000,0x00000006cb500000)
 Metaspace       used 13147K, capacity 13474K, committed 13824K, reserved 1060864K
  class space    used 1602K, capacity 1715K, committed 1792K, reserved 1048576K
}
Event: 1.882 GC heap before
{Heap before GC invocations=2 (full 0):
 PSYoungGen      total 76288K, used 73286K [0x000000076ae00000, 0x0000000770300000, 0x00000007c0000000)
  eden space 65536K, 100% used [0x000000076ae00000,0x000000076ee00000,0x000000076ee00000)
  from space 10752K, 72% used [0x000000076ee00000,0x000000076f591930,0x000000076f880000)
  to   space 10752K, 0% used [0x000000076f880000,0x000000076f880000,0x0000000770300000)
 ParOldGen       total 175104K, used 16K [0x00000006c0a00000, 0x00000006cb500000, 0x000000076ae00000)
  object space 175104K, 0% used [0x00000006c0a00000,0x00000006c0a04000,0x00000006cb500000)
 Metaspace       used 19072K, capacity 19626K, committed 19840K, reserved 1067008K
  class space    used 2499K, capacity 2666K, committed 2688K, reserved 1048576K
Event: 1.891 GC heap after
Heap after GC invocations=2 (full 0):
 PSYoungGen      total 76288K, used 9245K [0x000000076ae00000, 0x0000000770300000, 0x00000007c0000000)
  eden space 65536K, 0% used [0x000000076ae00000,0x000000076ae00000,0x000000076ee00000)
  from space 10752K, 85% used [0x000000076f880000,0x00000007701877e0,0x0000000770300000)
  to   space 10752K, 0% used [0x000000076ee00000,0x000000076ee00000,0x000000076f880000)
 ParOldGen       total 175104K, used 24K [0x00000006c0a00000, 0x00000006cb500000, 0x000000076ae00000)
  object space 175104K, 0% used [0x00000006c0a00000,0x00000006c0a06000,0x00000006cb500000)
 Metaspace       used 19072K, capacity 19626K, committed 19840K, reserved 1067008K
  class space    used 2499K, capacity 2666K, committed 2688K, reserved 1048576K
}
Event: 2.053 GC heap before
{Heap before GC invocations=3 (full 0):
 PSYoungGen      total 76288K, used 21585K [0x000000076ae00000, 0x0000000770300000, 0x00000007c0000000)
  eden space 65536K, 18% used [0x000000076ae00000,0x000000076ba0ce70,0x000000076ee00000)
  from space 10752K, 85% used [0x000000076f880000,0x00000007701877e0,0x0000000770300000)
  to   space 10752K, 0% used [0x000000076ee00000,0x000000076ee00000,0x000000076f880000)
 ParOldGen       total 175104K, used 24K [0x00000006c0a00000, 0x00000006cb500000, 0x000000076ae00000)
  object space 175104K, 0% used [0x00000006c0a00000,0x00000006c0a06000,0x00000006cb500000)
 Metaspace       used 20664K, capacity 21224K, committed 21296K, reserved 1067008K
  class space    used 2665K, capacity 2835K, committed 2864K, reserved 1048576K
Event: 2.065 GC heap after
Heap after GC invocations=3 (full 0):
 PSYoungGen      total 76288K, used 6338K [0x000000076ae00000, 0x0000000770300000, 0x00000007c0000000)
  eden space 65536K, 0% used [0x000000076ae00000,0x000000076ae00000,0x000000076ee00000)
  from space 10752K, 58% used [0x000000076ee00000,0x000000076f430a08,0x000000076f880000)
  to   space 10752K, 0% used [0x000000076f880000,0x000000076f880000,0x0000000770300000)
 ParOldGen       total 175104K, used 32K [0x00000006c0a00000, 0x00000006cb500000, 0x000000076ae00000)
  object space 175104K, 0% used [0x00000006c0a00000,0x00000006c0a08000,0x00000006cb500000)
 Metaspace       used 20664K, capacity 21224K, committed 21296K, reserved 1067008K
  class space    used 2665K, capacity 2835K, committed 2864K, reserved 1048576K
}
Event: 2.065 GC heap before
{Heap before GC invocations=4 (full 1):
 PSYoungGen      total 76288K, used 6338K [0x000000076ae00000, 0x0000000770300000, 0x00000007c0000000)
  eden space 65536K, 0% used [0x000000076ae00000,0x000000076ae00000,0x000000076ee00000)
  from space 10752K, 58% used [0x000000076ee00000,0x000000076f430a08,0x000000076f880000)
  to   space 10752K, 0% used [0x000000076f880000,0x000000076f880000,0x0000000770300000)
 ParOldGen       total 175104K, used 32K [0x00000006c0a00000, 0x00000006cb500000, 0x000000076ae00000)
  object space 175104K, 0% used [0x00000006c0a00000,0x00000006c0a08000,0x00000006cb500000)
 Metaspace       used 20664K, capacity 21224K, committed 21296K, reserved 1067008K
  class space    used 2665K, capacity 2835K, committed 2864K, reserved 1048576K
Event: 2.134 GC heap after
Heap after GC invocations=4 (full 1):
 PSYoungGen      total 76288K, used 0K [0x000000076ae00000, 0x0000000770300000, 0x00000007c0000000)
  eden space 65536K, 0% used [0x000000076ae00000,0x000000076ae00000,0x000000076ee00000)
  from space 10752K, 0% used [0x000000076ee00000,0x000000076ee00000,0x000000076f880000)
  to   space 10752K, 0% used [0x000000076f880000,0x000000076f880000,0x0000000770300000)
 ParOldGen       total 107008K, used 6144K [0x00000006c0a00000, 0x00000006c7280000, 0x000000076ae00000)
  object space 107008K, 5% used [0x00000006c0a00000,0x00000006c1000348,0x00000006c7280000)
 Metaspace       used 20664K, capacity 21224K, committed 21296K, reserved 1067008K
  class space    used 2665K, capacity 2835K, committed 2864K, reserved 1048576K
}
Event: 2.613 GC heap before
{Heap before GC invocations=5 (full 1):
 PSYoungGen      total 76288K, used 65502K [0x000000076ae00000, 0x0000000770300000, 0x00000007c0000000)
  eden space 65536K, 99% used [0x000000076ae00000,0x000000076edf7aa0,0x000000076ee00000)
  from space 10752K, 0% used [0x000000076ee00000,0x000000076ee00000,0x000000076f880000)
  to   space 10752K, 0% used [0x000000076f880000,0x000000076f880000,0x0000000770300000)
 ParOldGen       total 107008K, used 6144K [0x00000006c0a00000, 0x00000006c7280000, 0x000000076ae00000)
  object space 107008K, 5% used [0x00000006c0a00000,0x00000006c1000348,0x00000006c7280000)
 Metaspace       used 25179K, capacity 25980K, committed 26288K, reserved 1073152K
  class space    used 3239K, capacity 3437K, committed 3504K, reserved 1048576K
Event: 2.618 GC heap after
Heap after GC invocations=5 (full 1):
 PSYoungGen      total 76288K, used 6404K [0x000000076ae00000, 0x0000000771e80000, 0x00000007c0000000)
  eden space 65536K, 0% used [0x000000076ae00000,0x000000076ae00000,0x000000076ee00000)
  from space 10752K, 59% used [0x000000076f880000,0x000000076fec1158,0x0000000770300000)
  to   space 10752K, 0% used [0x000000076ee00000,0x000000076ee00000,0x000000076f880000)
 ParOldGen       total 107008K, used 6152K [0x00000006c0a00000, 0x00000006c7280000, 0x000000076ae00000)
  object space 107008K, 5% used [0x00000006c0a00000,0x00000006c1002348,0x00000006c7280000)
 Metaspace       used 25179K, capacity 25980K, committed 26288K, reserved 1073152K
  class space    used 3239K, capacity 3437K, committed 3504K, reserved 1048576K
}

