# JRE version: Java(TM) SE Runtime Environment (8.0_201-b09) (build 1.8.0_201-b09)
# Java VM: Java HotSpot(TM) 64-Bit Server VM (25.201-b09 mixed mode windows-amd64 compressed oops)
Heap:
 PSYoungGen      total 260096K, used 43142K [0x000000076ae00000, 0x000000077d400000, 0x00000007c0000000)
  eden space 224256K, 19% used [0x000000076ae00000,0x000000076d821948,0x0000000778900000)
  from space 35840K, 0% used [0x000000077b100000,0x000000077b100000,0x000000077d400000)
  to   space 38400K, 0% used [0x0000000778900000,0x0000000778900000,0x000000077ae80000)
 ParOldGen       total 335872K, used 72426K [0x00000006c0a00000, 0x00000006d5200000, 0x000000076ae00000)
  object space 335872K, 21% used [0x00000006c0a00000,0x00000006c50ba998,0x00000006d5200000)
 Metaspace       used 62304K, capacity 64772K, committed 64920K, reserved 1105920K
  class space    used 8274K, capacity 8861K, committed 8880K, reserved 1048576K
GC Heap History (10 events):
Event: 6.955 GC heap before
{Heap before GC invocations=7 (full 2):
 PSYoungGen      total 141824K, used 10722K [0x000000076ae00000, 0x000000077bd80000, 0x00000007c0000000)
  eden space 131072K, 0% used [0x000000076ae00000,0x000000076ae00000,0x0000000772e00000)
  from space 10752K, 99% used [0x0000000772e00000,0x0000000773878bc8,0x0000000773880000)
  to   space 43008K, 0% used [0x0000000779380000,0x0000000779380000,0x000000077bd80000)
 ParOldGen       total 134656K, used 61834K [0x00000006c0a00000, 0x00000006c8d80000, 0x000000076ae00000)
  object space 134656K, 45% used [0x00000006c0a00000,0x00000006c4662a18,0x00000006c8d80000)
 Metaspace       used 34189K, capacity 35392K, committed 35496K, reserved 1081344K
  class space    used 4174K, capacity 4496K, committed 4528K, reserved 1048576K
Event: 7.063 GC heap after
Heap after GC invocations=7 (full 2):
 PSYoungGen      total 141824K, used 0K [0x000000076ae00000, 0x000000077bd80000, 0x00000007c0000000)
  eden space 131072K, 0% used [0x000000076ae00000,0x000000076ae00000,0x0000000772e00000)
  from space 10752K, 0% used [0x0000000772e00000,0x0000000772e00000,0x0000000773880000)
  to   space 43008K, 0% used [0x0000000779380000,0x0000000779380000,0x000000077bd80000)
 ParOldGen       total 265728K, used 70251K [0x00000006c0a00000, 0x00000006d0d80000, 0x000000076ae00000)
  object space 265728K, 26% used [0x00000006c0a00000,0x00000006c4e9ac00,0x00000006d0d80000)
 Metaspace       used 34189K, capacity 35392K, committed 35496K, reserved 1081344K
  class space    used 4174K, capacity 4496K, committed 4528K, reserved 1048576K
}
Event: 10.182 GC heap before
{Heap before GC invocations=8 (full 2):
 PSYoungGen      total 141824K, used 131072K [0x000000076ae00000, 0x000000077bd80000, 0x00000007c0000000)
  eden space 131072K, 100% used [0x000000076ae00000,0x0000000772e00000,0x0000000772e00000)
  from space 10752K, 0% used [0x0000000772e00000,0x0000000772e00000,0x0000000773880000)
  to   space 43008K, 0% used [0x0000000779380000,0x0000000779380000,0x000000077bd80000)
 ParOldGen       total 265728K, used 70251K [0x00000006c0a00000, 0x00000006d0d80000, 0x000000076ae00000)
  object space 265728K, 26% used [0x00000006c0a00000,0x00000006c4e9ac00,0x00000006d0d80000)
 Metaspace       used 47946K, capacity 49296K, committed 49576K, reserved 1091584K
  class space    used 6408K, capacity 6823K, committed 6832K, reserved 1048576K
Event: 10.210 GC heap after
Heap after GC invocations=8 (full 2):
 PSYoungGen      total 194048K, used 18092K [0x000000076ae00000, 0x000000077a700000, 0x00000007c0000000)
  eden space 174080K, 0% used [0x000000076ae00000,0x000000076ae00000,0x0000000775800000)
  from space 19968K, 90% used [0x0000000779380000,0x000000077a52b3d8,0x000000077a700000)
  to   space 40448K, 0% used [0x0000000775800000,0x0000000775800000,0x0000000777f80000)
 ParOldGen       total 265728K, used 70259K [0x00000006c0a00000, 0x00000006d0d80000, 0x000000076ae00000)
  object space 265728K, 26% used [0x00000006c0a00000,0x00000006c4e9cc00,0x00000006d0d80000)
 Metaspace       used 47946K, capacity 49296K, committed 49576K, reserved 1091584K
  class space    used 6408K, capacity 6823K, committed 6832K, reserved 1048576K
}
Event: 13.782 GC heap before
{Heap before GC invocations=9 (full 2):
 PSYoungGen      total 194048K, used 192172K [0x000000076ae00000, 0x000000077a700000, 0x00000007c0000000)
  eden space 174080K, 100% used [0x000000076ae00000,0x0000000775800000,0x0000000775800000)
  from space 19968K, 90% used [0x0000000779380000,0x000000077a52b3d8,0x000000077a700000)
  to   space 40448K, 0% used [0x0000000775800000,0x0000000775800000,0x0000000777f80000)
 ParOldGen       total 265728K, used 70259K [0x00000006c0a00000, 0x00000006d0d80000, 0x000000076ae00000)
  object space 265728K, 26% used [0x00000006c0a00000,0x00000006c4e9cc00,0x00000006d0d80000)
 Metaspace       used 55443K, capacity 57562K, committed 57768K, reserved 1099776K
  class space    used 7336K, capacity 7846K, committed 7856K, reserved 1048576K
Event: 13.813 GC heap after
Heap after GC invocations=9 (full 2):
 PSYoungGen      total 214528K, used 16568K [0x000000076ae00000, 0x000000077d700000, 0x00000007c0000000)
  eden space 174080K, 0% used [0x000000076ae00000,0x000000076ae00000,0x0000000775800000)
  from space 40448K, 40% used [0x0000000775800000,0x000000077682e218,0x0000000777f80000)
  to   space 38912K, 0% used [0x000000077b100000,0x000000077b100000,0x000000077d700000)
 ParOldGen       total 265728K, used 70267K [0x00000006c0a00000, 0x00000006d0d80000, 0x000000076ae00000)
  object space 265728K, 26% used [0x00000006c0a00000,0x00000006c4e9ec00,0x00000006d0d80000)
 Metaspace       used 55443K, capacity 57562K, committed 57768K, reserved 1099776K
  class space    used 7336K, capacity 7846K, committed 7856K, reserved 1048576K
}
Event: 15.735 GC heap before
{Heap before GC invocations=10 (full 2):
 PSYoungGen      total 214528K, used 170661K [0x000000076ae00000, 0x000000077d700000, 0x00000007c0000000)
  eden space 174080K, 88% used [0x000000076ae00000,0x000000077447b4c8,0x0000000775800000)
  from space 40448K, 40% used [0x0000000775800000,0x000000077682e218,0x0000000777f80000)
  to   space 38912K, 0% used [0x000000077b100000,0x000000077b100000,0x000000077d700000)
 ParOldGen       total 265728K, used 70267K [0x00000006c0a00000, 0x00000006d0d80000, 0x000000076ae00000)
  object space 265728K, 26% used [0x00000006c0a00000,0x00000006c4e9ec00,0x00000006d0d80000)
 Metaspace       used 56768K, capacity 59098K, committed 59160K, reserved 1099776K
  class space    used 7448K, capacity 7970K, committed 7984K, reserved 1048576K
Event: 15.757 GC heap after
Heap after GC invocations=10 (full 2):
 PSYoungGen      total 260096K, used 12173K [0x000000076ae00000, 0x000000077d400000, 0x00000007c0000000)
  eden space 224256K, 0% used [0x000000076ae00000,0x000000076ae00000,0x0000000778900000)
  from space 35840K, 33% used [0x000000077b100000,0x000000077bce35b0,0x000000077d400000)
  to   space 38400K, 0% used [0x0000000778900000,0x0000000778900000,0x000000077ae80000)
 ParOldGen       total 265728K, used 70275K [0x00000006c0a00000, 0x00000006d0d80000, 0x000000076ae00000)
  object space 265728K, 26% used [0x00000006c0a00000,0x00000006c4ea0c00,0x00000006d0d80000)
 Metaspace       used 56768K, capacity 59098K, committed 59160K, reserved 1099776K
  class space    used 7448K, capacity 7970K, committed 7984K, reserved 1048576K
}
Event: 15.757 GC heap before
{Heap before GC invocations=11 (full 3):
 PSYoungGen      total 260096K, used 12173K [0x000000076ae00000, 0x000000077d400000, 0x00000007c0000000)
  eden space 224256K, 0% used [0x000000076ae00000,0x000000076ae00000,0x0000000778900000)
  from space 35840K, 33% used [0x000000077b100000,0x000000077bce35b0,0x000000077d400000)
  to   space 38400K, 0% used [0x0000000778900000,0x0000000778900000,0x000000077ae80000)
 ParOldGen       total 265728K, used 70275K [0x00000006c0a00000, 0x00000006d0d80000, 0x000000076ae00000)
  object space 265728K, 26% used [0x00000006c0a00000,0x00000006c4ea0c00,0x00000006d0d80000)
 Metaspace       used 56768K, capacity 59098K, committed 59160K, reserved 1099776K
  class space    used 7448K, capacity 7970K, committed 7984K, reserved 1048576K
Event: 16.090 GC heap after
Heap after GC invocations=11 (full 3):
 PSYoungGen      total 260096K, used 0K [0x000000076ae00000, 0x000000077d400000, 0x00000007c0000000)
  eden space 224256K, 0% used [0x000000076ae00000,0x000000076ae00000,0x0000000778900000)
  from space 35840K, 0% used [0x000000077b100000,0x000000077b100000,0x000000077d400000)
  to   space 38400K, 0% used [0x0000000778900000,0x0000000778900000,0x000000077ae80000)
 ParOldGen       total 335872K, used 72426K [0x00000006c0a00000, 0x00000006d5200000, 0x000000076ae00000)
  object space 335872K, 21% used [0x00000006c0a00000,0x00000006c50ba998,0x00000006d5200000)
 Metaspace       used 56768K, capacity 59098K, committed 59160K, reserved 1099776K
  class space    used 7448K, capacity 7970K, committed 7984K, reserved 1048576K
}

